<?xml version="1.0" encoding="UTF-8"?>
<testng-results total="1" passed="0" failed="1" skipped="0">
  <reporter-output>
  </reporter-output>
  <suite started-at="2024-03-03T19:01:54Z" name="Test Suite" finished-at="2024-03-03T19:02:03Z" duration-ms="9479">
    <groups>
      <group name="cucumber">
        <method signature="AbstractTestNGCucumberTests.runScenario(io.cucumber.testng.PickleWrapper, io.cucumber.testng.FeatureWrapper)[pri:0, instance:org.example.runner.CucumberRunner@15713d56]" name="runScenario" class="io.cucumber.testng.AbstractTestNGCucumberTests"/>
      </group> <!-- cucumber -->
    </groups>
    <test started-at="2024-03-03T19:01:54Z" name="Regression Tests" finished-at="2024-03-03T19:02:03Z" duration-ms="9479">
      <class name="org.example.runner.CucumberRunner">
        <test-method is-config="true" signature="setUpClass(org.testng.ITestContext)[pri:0, instance:org.example.runner.CucumberRunner@15713d56]" started-at="2024-03-03T13:01:54Z" name="setUpClass" finished-at="2024-03-03T13:01:56Z" duration-ms="2707" status="PASS">
          <params>
            <param index="0">
              <value>
                <![CDATA[org.testng.TestRunner@649f25f3]]>
              </value>
            </param>
          </params>
          <reporter-output>
          </reporter-output>
        </test-method> <!-- setUpClass -->
        <test-method signature="runScenario(io.cucumber.testng.PickleWrapper, io.cucumber.testng.FeatureWrapper)[pri:0, instance:org.example.runner.CucumberRunner@15713d56]" started-at="2024-03-03T13:01:56Z" name="runScenario" description="Runs Cucumber Scenarios" data-provider="scenarios" finished-at="2024-03-03T13:02:03Z" duration-ms="6671" status="FAIL">
          <params>
            <param index="0">
              <value>
                <![CDATA["User opens 'My Info' in a new tab and switches to the new tab."]]>
              </value>
            </param>
            <param index="1">
              <value>
                <![CDATA["Login scenario for OrangeHRM"]]>
              </value>
            </param>
          </params>
          <exception class="java.lang.AssertionError">
            <message>
              <![CDATA[Page not available]]>
            </message>
            <full-stacktrace>
              <![CDATA[java.lang.AssertionError: Page not available
	at org.testng.Assert.fail(Assert.java:94)
	at org.example.stepdefinations.OrangeStepDef.userShouldBeInPersonalDetailsTab(OrangeStepDef.java:172)
	at âœ½.User should be in Personal Details tab(file:///Users/bibekamatya/ITSutra/Framework/selenium_framework/src/test/resources/features/orange.feature:42)
]]>
            </full-stacktrace>
          </exception> <!-- java.lang.AssertionError -->
          <reporter-output>
          </reporter-output>
        </test-method> <!-- runScenario -->
        <test-method is-config="true" signature="tearDownClass()[pri:0, instance:org.example.runner.CucumberRunner@15713d56]" started-at="2024-03-03T13:02:03Z" name="tearDownClass" finished-at="2024-03-03T13:02:03Z" duration-ms="97" status="PASS">
          <reporter-output>
          </reporter-output>
        </test-method> <!-- tearDownClass -->
      </class> <!-- org.example.runner.CucumberRunner -->
    </test> <!-- Regression Tests -->
  </suite> <!-- Test Suite -->
</testng-results>
